[2019-11-02 17:27:26] dev.ERROR: ErrorException: file_put_contents(C:\Users\Administrator\Documents\Git\ComChayHoTay\storage\cms/disabled.json): failed to open stream: No such file or directory in C:\Users\Administrator\Documents\Git\ComChayHoTay\vendor\laravel\framework\src\Illuminate\Filesystem\Filesystem.php:122
Stack trace:
#0 [internal function]: Illuminate\Foundation\Bootstrap\HandleExceptions->handleError(2, 'file_put_conten...', 'C:\\Users\\Admini...', 122, Array)
#1 C:\Users\Administrator\Documents\Git\ComChayHoTay\vendor\laravel\framework\src\Illuminate\Filesystem\Filesystem.php(122): file_put_contents('C:\\Users\\Admini...', '[]', 0)
#2 C:\Users\Administrator\Documents\Git\ComChayHoTay\vendor\october\rain\src\Filesystem\Filesystem.php(217): Illuminate\Filesystem\Filesystem->put('C:\\Users\\Admini...', '[]', false)
#3 C:\Users\Administrator\Documents\Git\ComChayHoTay\vendor\laravel\framework\src\Illuminate\Support\Facades\Facade.php(221): October\Rain\Filesystem\Filesystem->put('C:\\Users\\Admini...', '[]')
#4 C:\Users\Administrator\Documents\Git\ComChayHoTay\modules\system\classes\PluginManager.php(535): Illuminate\Support\Facades\Facade::__callStatic('put', Array)
#5 C:\Users\Administrator\Documents\Git\ComChayHoTay\modules\system\classes\PluginManager.php(510): System\Classes\PluginManager->writeDisabled()
#6 C:\Users\Administrator\Documents\Git\ComChayHoTay\modules\system\classes\PluginManager.php(78): System\Classes\PluginManager->loadDisabled()
#7 C:\Users\Administrator\Documents\Git\ComChayHoTay\vendor\october\rain\src\Support\Traits\Singleton.php(39): System\Classes\PluginManager->init()
#8 C:\Users\Administrator\Documents\Git\ComChayHoTay\vendor\october\rain\src\Support\Traits\Singleton.php(23): System\Classes\PluginManager->__construct()
#9 C:\Users\Administrator\Documents\Git\ComChayHoTay\modules\system\ServiceProvider.php(47): System\Classes\PluginManager::instance()
#10 C:\Users\Administrator\Documents\Git\ComChayHoTay\vendor\laravel\framework\src\Illuminate\Foundation\Application.php(586): System\ServiceProvider->register()
#11 C:\Users\Administrator\Documents\Git\ComChayHoTay\vendor\laravel\framework\src\Illuminate\Foundation\ProviderRepository.php(75): Illuminate\Foundation\Application->register(Object(System\ServiceProvider))
#12 C:\Users\Administrator\Documents\Git\ComChayHoTay\vendor\laravel\framework\src\Illuminate\Foundation\Application.php(561): Illuminate\Foundation\ProviderRepository->load(Array)
#13 C:\Users\Administrator\Documents\Git\ComChayHoTay\vendor\laravel\framework\src\Illuminate\Foundation\Bootstrap\RegisterProviders.php(17): Illuminate\Foundation\Application->registerConfiguredProviders()
#14 C:\Users\Administrator\Documents\Git\ComChayHoTay\vendor\laravel\framework\src\Illuminate\Foundation\Application.php(213): Illuminate\Foundation\Bootstrap\RegisterProviders->bootstrap(Object(October\Rain\Foundation\Application))
#15 C:\Users\Administrator\Documents\Git\ComChayHoTay\vendor\laravel\framework\src\Illuminate\Foundation\Http\Kernel.php(162): Illuminate\Foundation\Application->bootstrapWith(Array)
#16 C:\Users\Administrator\Documents\Git\ComChayHoTay\vendor\laravel\framework\src\Illuminate\Foundation\Http\Kernel.php(146): Illuminate\Foundation\Http\Kernel->bootstrap()
#17 C:\Users\Administrator\Documents\Git\ComChayHoTay\vendor\laravel\framework\src\Illuminate\Foundation\Http\Kernel.php(116): Illuminate\Foundation\Http\Kernel->sendRequestThroughRouter(Object(Illuminate\Http\Request))
#18 C:\Users\Administrator\Documents\Git\ComChayHoTay\index.php(43): Illuminate\Foundation\Http\Kernel->handle(Object(Illuminate\Http\Request))
#19 {main}  
[2019-11-02 17:28:01] development.ERROR: ErrorException: file_put_contents(C:\Users\Administrator\Documents\Git\ComChayHoTay\storage\cms/disabled.json): failed to open stream: No such file or directory in C:\Users\Administrator\Documents\Git\ComChayHoTay\vendor\laravel\framework\src\Illuminate\Filesystem\Filesystem.php:122
Stack trace:
#0 [internal function]: Illuminate\Foundation\Bootstrap\HandleExceptions->handleError(2, 'file_put_conten...', 'C:\\Users\\Admini...', 122, Array)
#1 C:\Users\Administrator\Documents\Git\ComChayHoTay\vendor\laravel\framework\src\Illuminate\Filesystem\Filesystem.php(122): file_put_contents('C:\\Users\\Admini...', '[]', 0)
#2 C:\Users\Administrator\Documents\Git\ComChayHoTay\vendor\october\rain\src\Filesystem\Filesystem.php(217): Illuminate\Filesystem\Filesystem->put('C:\\Users\\Admini...', '[]', false)
#3 C:\Users\Administrator\Documents\Git\ComChayHoTay\vendor\laravel\framework\src\Illuminate\Support\Facades\Facade.php(221): October\Rain\Filesystem\Filesystem->put('C:\\Users\\Admini...', '[]')
#4 C:\Users\Administrator\Documents\Git\ComChayHoTay\modules\system\classes\PluginManager.php(535): Illuminate\Support\Facades\Facade::__callStatic('put', Array)
#5 C:\Users\Administrator\Documents\Git\ComChayHoTay\modules\system\classes\PluginManager.php(510): System\Classes\PluginManager->writeDisabled()
#6 C:\Users\Administrator\Documents\Git\ComChayHoTay\modules\system\classes\PluginManager.php(78): System\Classes\PluginManager->loadDisabled()
#7 C:\Users\Administrator\Documents\Git\ComChayHoTay\vendor\october\rain\src\Support\Traits\Singleton.php(39): System\Classes\PluginManager->init()
#8 C:\Users\Administrator\Documents\Git\ComChayHoTay\vendor\october\rain\src\Support\Traits\Singleton.php(23): System\Classes\PluginManager->__construct()
#9 C:\Users\Administrator\Documents\Git\ComChayHoTay\modules\system\ServiceProvider.php(47): System\Classes\PluginManager::instance()
#10 C:\Users\Administrator\Documents\Git\ComChayHoTay\vendor\laravel\framework\src\Illuminate\Foundation\Application.php(586): System\ServiceProvider->register()
#11 C:\Users\Administrator\Documents\Git\ComChayHoTay\vendor\laravel\framework\src\Illuminate\Foundation\ProviderRepository.php(75): Illuminate\Foundation\Application->register(Object(System\ServiceProvider))
#12 C:\Users\Administrator\Documents\Git\ComChayHoTay\vendor\laravel\framework\src\Illuminate\Foundation\Application.php(561): Illuminate\Foundation\ProviderRepository->load(Array)
#13 C:\Users\Administrator\Documents\Git\ComChayHoTay\vendor\laravel\framework\src\Illuminate\Foundation\Bootstrap\RegisterProviders.php(17): Illuminate\Foundation\Application->registerConfiguredProviders()
#14 C:\Users\Administrator\Documents\Git\ComChayHoTay\vendor\laravel\framework\src\Illuminate\Foundation\Application.php(213): Illuminate\Foundation\Bootstrap\RegisterProviders->bootstrap(Object(October\Rain\Foundation\Application))
#15 C:\Users\Administrator\Documents\Git\ComChayHoTay\vendor\laravel\framework\src\Illuminate\Foundation\Console\Kernel.php(296): Illuminate\Foundation\Application->bootstrapWith(Array)
#16 C:\Users\Administrator\Documents\Git\ComChayHoTay\vendor\laravel\framework\src\Illuminate\Foundation\Console\Kernel.php(119): Illuminate\Foundation\Console\Kernel->bootstrap()
#17 C:\Users\Administrator\Documents\Git\ComChayHoTay\artisan(35): Illuminate\Foundation\Console\Kernel->handle(Object(Symfony\Component\Console\Input\ArgvInput), Object(Symfony\Component\Console\Output\ConsoleOutput))
#18 {main}  
[2019-11-02 17:28:13] development.ERROR: InvalidArgumentException: The "C:\Users\Administrator\Documents\Git\ComChayHoTay\storage\framework/cache" directory does not exist. in C:\Users\Administrator\Documents\Git\ComChayHoTay\vendor\symfony\finder\Finder.php:546
Stack trace:
#0 C:\Users\Administrator\Documents\Git\ComChayHoTay\vendor\laravel\framework\src\Illuminate\Filesystem\Filesystem.php(390): Symfony\Component\Finder\Finder->in('C:\\Users\\Admini...')
#1 C:\Users\Administrator\Documents\Git\ComChayHoTay\vendor\laravel\framework\src\Illuminate\Cache\Console\ClearCommand.php(85): Illuminate\Filesystem\Filesystem->files('C:\\Users\\Admini...')
#2 C:\Users\Administrator\Documents\Git\ComChayHoTay\vendor\laravel\framework\src\Illuminate\Cache\Console\ClearCommand.php(69): Illuminate\Cache\Console\ClearCommand->flushFacades()
#3 [internal function]: Illuminate\Cache\Console\ClearCommand->handle()
#4 C:\Users\Administrator\Documents\Git\ComChayHoTay\vendor\laravel\framework\src\Illuminate\Container\BoundMethod.php(29): call_user_func_array(Array, Array)
#5 C:\Users\Administrator\Documents\Git\ComChayHoTay\vendor\laravel\framework\src\Illuminate\Container\BoundMethod.php(87): Illuminate\Container\BoundMethod::Illuminate\Container\{closure}()
#6 C:\Users\Administrator\Documents\Git\ComChayHoTay\vendor\laravel\framework\src\Illuminate\Container\BoundMethod.php(31): Illuminate\Container\BoundMethod::callBoundMethod(Object(October\Rain\Foundation\Application), Array, Object(Closure))
#7 C:\Users\Administrator\Documents\Git\ComChayHoTay\vendor\laravel\framework\src\Illuminate\Container\Container.php(549): Illuminate\Container\BoundMethod::call(Object(October\Rain\Foundation\Application), Array, Array, NULL)
#8 C:\Users\Administrator\Documents\Git\ComChayHoTay\vendor\laravel\framework\src\Illuminate\Console\Command.php(183): Illuminate\Container\Container->call(Array)
#9 C:\Users\Administrator\Documents\Git\ComChayHoTay\vendor\symfony\console\Command\Command.php(264): Illuminate\Console\Command->execute(Object(Symfony\Component\Console\Input\ArgvInput), Object(Illuminate\Console\OutputStyle))
#10 C:\Users\Administrator\Documents\Git\ComChayHoTay\vendor\laravel\framework\src\Illuminate\Console\Command.php(170): Symfony\Component\Console\Command\Command->run(Object(Symfony\Component\Console\Input\ArgvInput), Object(Illuminate\Console\OutputStyle))
#11 C:\Users\Administrator\Documents\Git\ComChayHoTay\vendor\symfony\console\Application.php(874): Illuminate\Console\Command->run(Object(Symfony\Component\Console\Input\ArgvInput), Object(Symfony\Component\Console\Output\ConsoleOutput))
#12 C:\Users\Administrator\Documents\Git\ComChayHoTay\vendor\symfony\console\Application.php(228): Symfony\Component\Console\Application->doRunCommand(Object(Illuminate\Cache\Console\ClearCommand), Object(Symfony\Component\Console\Input\ArgvInput), Object(Symfony\Component\Console\Output\ConsoleOutput))
#13 C:\Users\Administrator\Documents\Git\ComChayHoTay\vendor\symfony\console\Application.php(130): Symfony\Component\Console\Application->doRun(Object(Symfony\Component\Console\Input\ArgvInput), Object(Symfony\Component\Console\Output\ConsoleOutput))
#14 C:\Users\Administrator\Documents\Git\ComChayHoTay\vendor\laravel\framework\src\Illuminate\Console\Application.php(88): Symfony\Component\Console\Application->run(Object(Symfony\Component\Console\Input\ArgvInput), Object(Symfony\Component\Console\Output\ConsoleOutput))
#15 C:\Users\Administrator\Documents\Git\ComChayHoTay\vendor\laravel\framework\src\Illuminate\Foundation\Console\Kernel.php(121): Illuminate\Console\Application->run(Object(Symfony\Component\Console\Input\ArgvInput), Object(Symfony\Component\Console\Output\ConsoleOutput))
#16 C:\Users\Administrator\Documents\Git\ComChayHoTay\artisan(35): Illuminate\Foundation\Console\Kernel->handle(Object(Symfony\Component\Console\Input\ArgvInput), Object(Symfony\Component\Console\Output\ConsoleOutput))
#17 {main}  
[2019-11-02 17:28:22] development.ERROR: InvalidArgumentException: The "C:\Users\Administrator\Documents\Git\ComChayHoTay\storage/cms/combiner" directory does not exist. in C:\Users\Administrator\Documents\Git\ComChayHoTay\vendor\symfony\finder\Finder.php:546
Stack trace:
#0 C:\Users\Administrator\Documents\Git\ComChayHoTay\vendor\laravel\framework\src\Illuminate\Filesystem\Filesystem.php(420): Symfony\Component\Finder\Finder->in('C:\\Users\\Admini...')
#1 C:\Users\Administrator\Documents\Git\ComChayHoTay\vendor\laravel\framework\src\Illuminate\Support\Facades\Facade.php(221): Illuminate\Filesystem\Filesystem->directories('C:\\Users\\Admini...')
#2 C:\Users\Administrator\Documents\Git\ComChayHoTay\modules\system\helpers\Cache.php(39): Illuminate\Support\Facades\Facade::__callStatic('directories', Array)
#3 C:\Users\Administrator\Documents\Git\ComChayHoTay\modules\system\helpers\Cache.php(24): System\Helpers\Cache->clearCombiner()
#4 C:\Users\Administrator\Documents\Git\ComChayHoTay\modules\system\ServiceProvider.php(229): System\Helpers\Cache::clearInternal()
#5 [internal function]: System\ServiceProvider->System\{closure}(NULL, Array)
#6 C:\Users\Administrator\Documents\Git\ComChayHoTay\vendor\october\rain\src\Events\Dispatcher.php(233): call_user_func_array(Object(Closure), Array)
#7 C:\Users\Administrator\Documents\Git\ComChayHoTay\vendor\october\rain\src\Events\Dispatcher.php(197): October\Rain\Events\Dispatcher->dispatch('cache:cleared', Array, false)
#8 C:\Users\Administrator\Documents\Git\ComChayHoTay\vendor\laravel\framework\src\Illuminate\Cache\Console\ClearCommand.php(72): October\Rain\Events\Dispatcher->fire('cache:cleared', Array)
#9 [internal function]: Illuminate\Cache\Console\ClearCommand->handle()
#10 C:\Users\Administrator\Documents\Git\ComChayHoTay\vendor\laravel\framework\src\Illuminate\Container\BoundMethod.php(29): call_user_func_array(Array, Array)
#11 C:\Users\Administrator\Documents\Git\ComChayHoTay\vendor\laravel\framework\src\Illuminate\Container\BoundMethod.php(87): Illuminate\Container\BoundMethod::Illuminate\Container\{closure}()
#12 C:\Users\Administrator\Documents\Git\ComChayHoTay\vendor\laravel\framework\src\Illuminate\Container\BoundMethod.php(31): Illuminate\Container\BoundMethod::callBoundMethod(Object(October\Rain\Foundation\Application), Array, Object(Closure))
#13 C:\Users\Administrator\Documents\Git\ComChayHoTay\vendor\laravel\framework\src\Illuminate\Container\Container.php(549): Illuminate\Container\BoundMethod::call(Object(October\Rain\Foundation\Application), Array, Array, NULL)
#14 C:\Users\Administrator\Documents\Git\ComChayHoTay\vendor\laravel\framework\src\Illuminate\Console\Command.php(183): Illuminate\Container\Container->call(Array)
#15 C:\Users\Administrator\Documents\Git\ComChayHoTay\vendor\symfony\console\Command\Command.php(264): Illuminate\Console\Command->execute(Object(Symfony\Component\Console\Input\ArgvInput), Object(Illuminate\Console\OutputStyle))
#16 C:\Users\Administrator\Documents\Git\ComChayHoTay\vendor\laravel\framework\src\Illuminate\Console\Command.php(170): Symfony\Component\Console\Command\Command->run(Object(Symfony\Component\Console\Input\ArgvInput), Object(Illuminate\Console\OutputStyle))
#17 C:\Users\Administrator\Documents\Git\ComChayHoTay\vendor\symfony\console\Application.php(874): Illuminate\Console\Command->run(Object(Symfony\Component\Console\Input\ArgvInput), Object(Symfony\Component\Console\Output\ConsoleOutput))
#18 C:\Users\Administrator\Documents\Git\ComChayHoTay\vendor\symfony\console\Application.php(228): Symfony\Component\Console\Application->doRunCommand(Object(Illuminate\Cache\Console\ClearCommand), Object(Symfony\Component\Console\Input\ArgvInput), Object(Symfony\Component\Console\Output\ConsoleOutput))
#19 C:\Users\Administrator\Documents\Git\ComChayHoTay\vendor\symfony\console\Application.php(130): Symfony\Component\Console\Application->doRun(Object(Symfony\Component\Console\Input\ArgvInput), Object(Symfony\Component\Console\Output\ConsoleOutput))
#20 C:\Users\Administrator\Documents\Git\ComChayHoTay\vendor\laravel\framework\src\Illuminate\Console\Application.php(88): Symfony\Component\Console\Application->run(Object(Symfony\Component\Console\Input\ArgvInput), Object(Symfony\Component\Console\Output\ConsoleOutput))
#21 C:\Users\Administrator\Documents\Git\ComChayHoTay\vendor\laravel\framework\src\Illuminate\Foundation\Console\Kernel.php(121): Illuminate\Console\Application->run(Object(Symfony\Component\Console\Input\ArgvInput), Object(Symfony\Component\Console\Output\ConsoleOutput))
#22 C:\Users\Administrator\Documents\Git\ComChayHoTay\artisan(35): Illuminate\Foundation\Console\Kernel->handle(Object(Symfony\Component\Console\Input\ArgvInput), Object(Symfony\Component\Console\Output\ConsoleOutput))
#23 {main}  
[2019-11-02 17:28:35] development.ERROR: InvalidArgumentException: The "C:\Users\Administrator\Documents\Git\ComChayHoTay\storage/cms/cache" directory does not exist. in C:\Users\Administrator\Documents\Git\ComChayHoTay\vendor\symfony\finder\Finder.php:546
Stack trace:
#0 C:\Users\Administrator\Documents\Git\ComChayHoTay\vendor\laravel\framework\src\Illuminate\Filesystem\Filesystem.php(420): Symfony\Component\Finder\Finder->in('C:\\Users\\Admini...')
#1 C:\Users\Administrator\Documents\Git\ComChayHoTay\vendor\laravel\framework\src\Illuminate\Support\Facades\Facade.php(221): Illuminate\Filesystem\Filesystem->directories('C:\\Users\\Admini...')
#2 C:\Users\Administrator\Documents\Git\ComChayHoTay\modules\system\helpers\Cache.php(49): Illuminate\Support\Facades\Facade::__callStatic('directories', Array)
#3 C:\Users\Administrator\Documents\Git\ComChayHoTay\modules\system\helpers\Cache.php(25): System\Helpers\Cache->clearCache()
#4 C:\Users\Administrator\Documents\Git\ComChayHoTay\modules\system\ServiceProvider.php(229): System\Helpers\Cache::clearInternal()
#5 [internal function]: System\ServiceProvider->System\{closure}(NULL, Array)
#6 C:\Users\Administrator\Documents\Git\ComChayHoTay\vendor\october\rain\src\Events\Dispatcher.php(233): call_user_func_array(Object(Closure), Array)
#7 C:\Users\Administrator\Documents\Git\ComChayHoTay\vendor\october\rain\src\Events\Dispatcher.php(197): October\Rain\Events\Dispatcher->dispatch('cache:cleared', Array, false)
#8 C:\Users\Administrator\Documents\Git\ComChayHoTay\vendor\laravel\framework\src\Illuminate\Cache\Console\ClearCommand.php(72): October\Rain\Events\Dispatcher->fire('cache:cleared', Array)
#9 [internal function]: Illuminate\Cache\Console\ClearCommand->handle()
#10 C:\Users\Administrator\Documents\Git\ComChayHoTay\vendor\laravel\framework\src\Illuminate\Container\BoundMethod.php(29): call_user_func_array(Array, Array)
#11 C:\Users\Administrator\Documents\Git\ComChayHoTay\vendor\laravel\framework\src\Illuminate\Container\BoundMethod.php(87): Illuminate\Container\BoundMethod::Illuminate\Container\{closure}()
#12 C:\Users\Administrator\Documents\Git\ComChayHoTay\vendor\laravel\framework\src\Illuminate\Container\BoundMethod.php(31): Illuminate\Container\BoundMethod::callBoundMethod(Object(October\Rain\Foundation\Application), Array, Object(Closure))
#13 C:\Users\Administrator\Documents\Git\ComChayHoTay\vendor\laravel\framework\src\Illuminate\Container\Container.php(549): Illuminate\Container\BoundMethod::call(Object(October\Rain\Foundation\Application), Array, Array, NULL)
#14 C:\Users\Administrator\Documents\Git\ComChayHoTay\vendor\laravel\framework\src\Illuminate\Console\Command.php(183): Illuminate\Container\Container->call(Array)
#15 C:\Users\Administrator\Documents\Git\ComChayHoTay\vendor\symfony\console\Command\Command.php(264): Illuminate\Console\Command->execute(Object(Symfony\Component\Console\Input\ArgvInput), Object(Illuminate\Console\OutputStyle))
#16 C:\Users\Administrator\Documents\Git\ComChayHoTay\vendor\laravel\framework\src\Illuminate\Console\Command.php(170): Symfony\Component\Console\Command\Command->run(Object(Symfony\Component\Console\Input\ArgvInput), Object(Illuminate\Console\OutputStyle))
#17 C:\Users\Administrator\Documents\Git\ComChayHoTay\vendor\symfony\console\Application.php(874): Illuminate\Console\Command->run(Object(Symfony\Component\Console\Input\ArgvInput), Object(Symfony\Component\Console\Output\ConsoleOutput))
#18 C:\Users\Administrator\Documents\Git\ComChayHoTay\vendor\symfony\console\Application.php(228): Symfony\Component\Console\Application->doRunCommand(Object(Illuminate\Cache\Console\ClearCommand), Object(Symfony\Component\Console\Input\ArgvInput), Object(Symfony\Component\Console\Output\ConsoleOutput))
#19 C:\Users\Administrator\Documents\Git\ComChayHoTay\vendor\symfony\console\Application.php(130): Symfony\Component\Console\Application->doRun(Object(Symfony\Component\Console\Input\ArgvInput), Object(Symfony\Component\Console\Output\ConsoleOutput))
#20 C:\Users\Administrator\Documents\Git\ComChayHoTay\vendor\laravel\framework\src\Illuminate\Console\Application.php(88): Symfony\Component\Console\Application->run(Object(Symfony\Component\Console\Input\ArgvInput), Object(Symfony\Component\Console\Output\ConsoleOutput))
#21 C:\Users\Administrator\Documents\Git\ComChayHoTay\vendor\laravel\framework\src\Illuminate\Foundation\Console\Kernel.php(121): Illuminate\Console\Application->run(Object(Symfony\Component\Console\Input\ArgvInput), Object(Symfony\Component\Console\Output\ConsoleOutput))
#22 C:\Users\Administrator\Documents\Git\ComChayHoTay\artisan(35): Illuminate\Foundation\Console\Kernel->handle(Object(Symfony\Component\Console\Input\ArgvInput), Object(Symfony\Component\Console\Output\ConsoleOutput))
#23 {main}  
[2019-11-02 17:28:46] development.ERROR: InvalidArgumentException: The "C:\Users\Administrator\Documents\Git\ComChayHoTay\storage/cms/twig" directory does not exist. in C:\Users\Administrator\Documents\Git\ComChayHoTay\vendor\symfony\finder\Finder.php:546
Stack trace:
#0 C:\Users\Administrator\Documents\Git\ComChayHoTay\vendor\laravel\framework\src\Illuminate\Filesystem\Filesystem.php(420): Symfony\Component\Finder\Finder->in('C:\\Users\\Admini...')
#1 C:\Users\Administrator\Documents\Git\ComChayHoTay\vendor\laravel\framework\src\Illuminate\Support\Facades\Facade.php(221): Illuminate\Filesystem\Filesystem->directories('C:\\Users\\Admini...')
#2 C:\Users\Administrator\Documents\Git\ComChayHoTay\modules\system\helpers\Cache.php(59): Illuminate\Support\Facades\Facade::__callStatic('directories', Array)
#3 C:\Users\Administrator\Documents\Git\ComChayHoTay\modules\system\helpers\Cache.php(28): System\Helpers\Cache->clearTwig()
#4 C:\Users\Administrator\Documents\Git\ComChayHoTay\modules\system\ServiceProvider.php(229): System\Helpers\Cache::clearInternal()
#5 [internal function]: System\ServiceProvider->System\{closure}(NULL, Array)
#6 C:\Users\Administrator\Documents\Git\ComChayHoTay\vendor\october\rain\src\Events\Dispatcher.php(233): call_user_func_array(Object(Closure), Array)
#7 C:\Users\Administrator\Documents\Git\ComChayHoTay\vendor\october\rain\src\Events\Dispatcher.php(197): October\Rain\Events\Dispatcher->dispatch('cache:cleared', Array, false)
#8 C:\Users\Administrator\Documents\Git\ComChayHoTay\vendor\laravel\framework\src\Illuminate\Cache\Console\ClearCommand.php(72): October\Rain\Events\Dispatcher->fire('cache:cleared', Array)
#9 [internal function]: Illuminate\Cache\Console\ClearCommand->handle()
#10 C:\Users\Administrator\Documents\Git\ComChayHoTay\vendor\laravel\framework\src\Illuminate\Container\BoundMethod.php(29): call_user_func_array(Array, Array)
#11 C:\Users\Administrator\Documents\Git\ComChayHoTay\vendor\laravel\framework\src\Illuminate\Container\BoundMethod.php(87): Illuminate\Container\BoundMethod::Illuminate\Container\{closure}()
#12 C:\Users\Administrator\Documents\Git\ComChayHoTay\vendor\laravel\framework\src\Illuminate\Container\BoundMethod.php(31): Illuminate\Container\BoundMethod::callBoundMethod(Object(October\Rain\Foundation\Application), Array, Object(Closure))
#13 C:\Users\Administrator\Documents\Git\ComChayHoTay\vendor\laravel\framework\src\Illuminate\Container\Container.php(549): Illuminate\Container\BoundMethod::call(Object(October\Rain\Foundation\Application), Array, Array, NULL)
#14 C:\Users\Administrator\Documents\Git\ComChayHoTay\vendor\laravel\framework\src\Illuminate\Console\Command.php(183): Illuminate\Container\Container->call(Array)
#15 C:\Users\Administrator\Documents\Git\ComChayHoTay\vendor\symfony\console\Command\Command.php(264): Illuminate\Console\Command->execute(Object(Symfony\Component\Console\Input\ArgvInput), Object(Illuminate\Console\OutputStyle))
#16 C:\Users\Administrator\Documents\Git\ComChayHoTay\vendor\laravel\framework\src\Illuminate\Console\Command.php(170): Symfony\Component\Console\Command\Command->run(Object(Symfony\Component\Console\Input\ArgvInput), Object(Illuminate\Console\OutputStyle))
#17 C:\Users\Administrator\Documents\Git\ComChayHoTay\vendor\symfony\console\Application.php(874): Illuminate\Console\Command->run(Object(Symfony\Component\Console\Input\ArgvInput), Object(Symfony\Component\Console\Output\ConsoleOutput))
#18 C:\Users\Administrator\Documents\Git\ComChayHoTay\vendor\symfony\console\Application.php(228): Symfony\Component\Console\Application->doRunCommand(Object(Illuminate\Cache\Console\ClearCommand), Object(Symfony\Component\Console\Input\ArgvInput), Object(Symfony\Component\Console\Output\ConsoleOutput))
#19 C:\Users\Administrator\Documents\Git\ComChayHoTay\vendor\symfony\console\Application.php(130): Symfony\Component\Console\Application->doRun(Object(Symfony\Component\Console\Input\ArgvInput), Object(Symfony\Component\Console\Output\ConsoleOutput))
#20 C:\Users\Administrator\Documents\Git\ComChayHoTay\vendor\laravel\framework\src\Illuminate\Console\Application.php(88): Symfony\Component\Console\Application->run(Object(Symfony\Component\Console\Input\ArgvInput), Object(Symfony\Component\Console\Output\ConsoleOutput))
#21 C:\Users\Administrator\Documents\Git\ComChayHoTay\vendor\laravel\framework\src\Illuminate\Foundation\Console\Kernel.php(121): Illuminate\Console\Application->run(Object(Symfony\Component\Console\Input\ArgvInput), Object(Symfony\Component\Console\Output\ConsoleOutput))
#22 C:\Users\Administrator\Documents\Git\ComChayHoTay\artisan(35): Illuminate\Foundation\Console\Kernel->handle(Object(Symfony\Component\Console\Input\ArgvInput), Object(Symfony\Component\Console\Output\ConsoleOutput))
#23 {main}  
[2019-11-02 17:29:02] dev.ERROR: ErrorException: file_put_contents(C:\Users\Administrator\Documents\Git\ComChayHoTay\storage\framework/sessions/BWH5Y9nxECE5Qhcd3CEIiZu5I4ywS4jFqOtZcjGs): failed to open stream: No such file or directory in C:\Users\Administrator\Documents\Git\ComChayHoTay\vendor\laravel\framework\src\Illuminate\Filesystem\Filesystem.php:122
Stack trace:
#0 [internal function]: Illuminate\Foundation\Bootstrap\HandleExceptions->handleError(2, 'file_put_conten...', 'C:\\Users\\Admini...', 122, Array)
#1 C:\Users\Administrator\Documents\Git\ComChayHoTay\vendor\laravel\framework\src\Illuminate\Filesystem\Filesystem.php(122): file_put_contents('C:\\Users\\Admini...', 'a:3:{s:6:"_toke...', 2)
#2 C:\Users\Administrator\Documents\Git\ComChayHoTay\vendor\october\rain\src\Filesystem\Filesystem.php(217): Illuminate\Filesystem\Filesystem->put('C:\\Users\\Admini...', 'a:3:{s:6:"_toke...', true)
#3 C:\Users\Administrator\Documents\Git\ComChayHoTay\vendor\laravel\framework\src\Illuminate\Session\FileSessionHandler.php(83): October\Rain\Filesystem\Filesystem->put('C:\\Users\\Admini...', 'a:3:{s:6:"_toke...', true)
#4 C:\Users\Administrator\Documents\Git\ComChayHoTay\vendor\laravel\framework\src\Illuminate\Session\Store.php(128): Illuminate\Session\FileSessionHandler->write('BWH5Y9nxECE5Qhc...', 'a:3:{s:6:"_toke...')
#5 C:\Users\Administrator\Documents\Git\ComChayHoTay\vendor\laravel\framework\src\Illuminate\Session\Middleware\StartSession.php(87): Illuminate\Session\Store->save()
#6 C:\Users\Administrator\Documents\Git\ComChayHoTay\vendor\laravel\framework\src\Illuminate\Foundation\Http\Kernel.php(218): Illuminate\Session\Middleware\StartSession->terminate(Object(Illuminate\Http\Request), Object(Illuminate\Http\Response))
#7 C:\Users\Administrator\Documents\Git\ComChayHoTay\vendor\laravel\framework\src\Illuminate\Foundation\Http\Kernel.php(189): Illuminate\Foundation\Http\Kernel->terminateMiddleware(Object(Illuminate\Http\Request), Object(Illuminate\Http\Response))
#8 C:\Users\Administrator\Documents\Git\ComChayHoTay\index.php(48): Illuminate\Foundation\Http\Kernel->terminate(Object(Illuminate\Http\Request), Object(Illuminate\Http\Response))
#9 {main}  
[2019-11-02 17:29:46] dev.ERROR: ErrorException: file_put_contents(C:\Users\Administrator\Documents\Git\ComChayHoTay\storage\framework/sessions/BWH5Y9nxECE5Qhcd3CEIiZu5I4ywS4jFqOtZcjGs): failed to open stream: No such file or directory in C:\Users\Administrator\Documents\Git\ComChayHoTay\vendor\laravel\framework\src\Illuminate\Filesystem\Filesystem.php:122
Stack trace:
#0 [internal function]: Illuminate\Foundation\Bootstrap\HandleExceptions->handleError(2, 'file_put_conten...', 'C:\\Users\\Admini...', 122, Array)
#1 C:\Users\Administrator\Documents\Git\ComChayHoTay\vendor\laravel\framework\src\Illuminate\Filesystem\Filesystem.php(122): file_put_contents('C:\\Users\\Admini...', 'a:3:{s:6:"_toke...', 2)
#2 C:\Users\Administrator\Documents\Git\ComChayHoTay\vendor\october\rain\src\Filesystem\Filesystem.php(217): Illuminate\Filesystem\Filesystem->put('C:\\Users\\Admini...', 'a:3:{s:6:"_toke...', true)
#3 C:\Users\Administrator\Documents\Git\ComChayHoTay\vendor\laravel\framework\src\Illuminate\Session\FileSessionHandler.php(83): October\Rain\Filesystem\Filesystem->put('C:\\Users\\Admini...', 'a:3:{s:6:"_toke...', true)
#4 C:\Users\Administrator\Documents\Git\ComChayHoTay\vendor\laravel\framework\src\Illuminate\Session\Store.php(128): Illuminate\Session\FileSessionHandler->write('BWH5Y9nxECE5Qhc...', 'a:3:{s:6:"_toke...')
#5 C:\Users\Administrator\Documents\Git\ComChayHoTay\vendor\laravel\framework\src\Illuminate\Session\Middleware\StartSession.php(87): Illuminate\Session\Store->save()
#6 C:\Users\Administrator\Documents\Git\ComChayHoTay\vendor\laravel\framework\src\Illuminate\Foundation\Http\Kernel.php(218): Illuminate\Session\Middleware\StartSession->terminate(Object(Illuminate\Http\Request), Object(Illuminate\Http\Response))
#7 C:\Users\Administrator\Documents\Git\ComChayHoTay\vendor\laravel\framework\src\Illuminate\Foundation\Http\Kernel.php(189): Illuminate\Foundation\Http\Kernel->terminateMiddleware(Object(Illuminate\Http\Request), Object(Illuminate\Http\Response))
#8 C:\Users\Administrator\Documents\Git\ComChayHoTay\index.php(48): Illuminate\Foundation\Http\Kernel->terminate(Object(Illuminate\Http\Request), Object(Illuminate\Http\Response))
#9 {main}  
